Using pre-set license
Built from '2021.1/release' branch; Version is '2021.1.0f1 (61a549675243) revision 6399305'; Using compiler version '192528614'; Build Type 'Release'
OS: 'Windows 10 Home; OS build 19041.928; Version 2004; 64bit' Language: 'ko' Physical Memory: 16315 MB
BatchMode: 1, IsHumanControllingUs: 0, StartBugReporterOnCrash: 0, Is64bit: 1, IsPro: 0

 COMMAND LINE ARGUMENTS:
C:\Program Files\Unity\Hub\Editor\2021.1.0f1\Editor\Unity.exe
-adb2
-batchMode
-noUpm
-name
AssetImportWorker0
-projectPath
C:/Users/dlwjd/OneDrive/바탕 화면/게임엔진/Stage3_01
-logFile
Logs/AssetImportWorker0.log
-srvPort
56585
Successfully changed project path to: C:/Users/dlwjd/OneDrive/바탕 화면/게임엔진/Stage3_01
C:/Users/dlwjd/OneDrive/바탕 화면/게임엔진/Stage3_01
Using Asset Import Pipeline V2.
Refreshing native plugins compatible for Editor in 66.69 ms, found 1 plugins.
Preloading 0 native plugins for Editor in 0.00 ms.
Initialize engine version: 2021.1.0f1 (61a549675243)
[Subsystems] Discovering subsystems at path C:/Program Files/Unity/Hub/Editor/2021.1.0f1/Editor/Data/Resources/UnitySubsystems
[Subsystems] Discovering subsystems at path C:/Users/dlwjd/OneDrive/바탕 화면/게임엔진/Stage3_01/Assets
GfxDevice: creating device client; threaded=0; jobified=0
Direct3D:
    Version:  Direct3D 11.0 [level 11.1]
    Renderer: NVIDIA GeForce RTX 2070 SUPER (ID=0x1e84)
    Vendor:   NVIDIA
    VRAM:     8011 MB
    Driver:   27.21.14.5671
Initialize mono
Mono path[0] = 'C:/Program Files/Unity/Hub/Editor/2021.1.0f1/Editor/Data/Managed'
Mono path[1] = 'C:/Program Files/Unity/Hub/Editor/2021.1.0f1/Editor/Data/MonoBleedingEdge/lib/mono/unityjit'
Mono config path = 'C:/Program Files/Unity/Hub/Editor/2021.1.0f1/Editor/Data/MonoBleedingEdge/etc'
Using monoOptions --debugger-agent=transport=dt_socket,embedding=1,server=y,suspend=n,address=127.0.0.1:56644
Begin MonoManager ReloadAssembly
Registering precompiled unity dll's ...
Register platform support module: C:/Program Files/Unity/Hub/Editor/2021.1.0f1/Editor/Data/PlaybackEngines/WindowsStandaloneSupport/UnityEditor.WindowsStandalone.Extensions.dll
Registered in 0.003023 seconds.
Native extension for WindowsStandalone target not found
Refreshing native plugins compatible for Editor in 67.82 ms, found 1 plugins.
Preloading 0 native plugins for Editor in 0.00 ms.
Mono: successfully reloaded assembly
- Completed reload, in  1.683 seconds
Platform modules already initialized, skipping
Registering precompiled user dll's ...
Registered in 0.004245 seconds.
Begin MonoManager ReloadAssembly
Native extension for WindowsStandalone target not found
Refreshing native plugins compatible for Editor in 0.57 ms, found 1 plugins.
Preloading 0 native plugins for Editor in 0.00 ms.
Mono: successfully reloaded assembly
- Completed reload, in  0.995 seconds
Platform modules already initialized, skipping
========================================================================
Worker process is ready to serve import requests
Launched and connected shader compiler UnityShaderCompiler.exe after 0.06 seconds
Refreshing native plugins compatible for Editor in 0.57 ms, found 1 plugins.
Preloading 0 native plugins for Editor in 0.00 ms.
Unloading 2667 Unused Serialized files (Serialized files now loaded: 0)
System memory in use before: 102.4 MB.
System memory in use after: 102.6 MB.

Unloading 15 unused Assets to reduce memory usage. Loaded Objects now: 3118.
Total: 2.655000 ms (FindLiveObjects: 0.528800 ms CreateObjectMapping: 0.161000 ms MarkObjects: 1.891700 ms  DeleteObjects: 0.072200 ms)

========================================================================
Received Import Request.
  path: Assets/Materials/Coin.mat
  artifactKey: Guid(933f0ccc953ba9646b8edf135b1237b0) Importer(815301076,1909f56bfc062723c751e8b465ee728b)
Start importing Assets/Materials/Coin.mat using Guid(933f0ccc953ba9646b8edf135b1237b0) Importer(815301076,1909f56bfc062723c751e8b465ee728b)  -> (artifact id: 'a1278144c1ede5fb2514103ab8487ac9') in 0.119855 seconds 
========================================================================
Received Import Request.
  Time since last request: 0.000308 seconds.
  path: Assets/Materials/Obstacle.mat
  artifactKey: Guid(1f7800a4af8bd904ea899112c6a3659d) Importer(815301076,1909f56bfc062723c751e8b465ee728b)
Start importing Assets/Materials/Obstacle.mat using Guid(1f7800a4af8bd904ea899112c6a3659d) Importer(815301076,1909f56bfc062723c751e8b465ee728b)  -> (artifact id: '1584fb6e5df31efd2c9c78135644807c') in 0.016913 seconds 
========================================================================
Received Import Request.
  Time since last request: 0.000327 seconds.
  path: Assets/Materials/Ground.mat
  artifactKey: Guid(1d8d7fa3679156640a79c49205ccb545) Importer(815301076,1909f56bfc062723c751e8b465ee728b)
Start importing Assets/Materials/Ground.mat using Guid(1d8d7fa3679156640a79c49205ccb545) Importer(815301076,1909f56bfc062723c751e8b465ee728b)  -> (artifact id: 'e0597275a5ebd593feb5993713415a08') in 0.017570 seconds 
========================================================================
Received Import Request.
  Time since last request: 80.333649 seconds.
  path: Assets/Materials
  artifactKey: Guid(10c840d4fd197954d864047a05291388) Importer(815301076,1909f56bfc062723c751e8b465ee728b)
Start importing Assets/Materials using Guid(10c840d4fd197954d864047a05291388) Importer(815301076,1909f56bfc062723c751e8b465ee728b)  -> (artifact id: '28410aeba2c40301461c36d374adbb53') in 0.007636 seconds 
========================================================================
Received Prepare
Registering precompiled user dll's ...
Registered in 0.004887 seconds.
Begin MonoManager ReloadAssembly
Native extension for WindowsStandalone target not found
Refreshing native plugins compatible for Editor in 0.59 ms, found 1 plugins.
Preloading 0 native plugins for Editor in 0.00 ms.
Mono: successfully reloaded assembly
- Completed reload, in  0.806 seconds
Platform modules already initialized, skipping
Refreshing native plugins compatible for Editor in 0.60 ms, found 1 plugins.
Preloading 0 native plugins for Editor in 0.00 ms.
Unloading 2662 Unused Serialized files (Serialized files now loaded: 0)
System memory in use before: 106.3 MB.
System memory in use after: 106.5 MB.

Unloading 10 unused Assets to reduce memory usage. Loaded Objects now: 3161.
Total: 2.158500 ms (FindLiveObjects: 0.406800 ms CreateObjectMapping: 0.182000 ms MarkObjects: 1.519500 ms  DeleteObjects: 0.049100 ms)

AssetImportWorkerClient::OnTransportError - code=2 error=End of file
